Removed Pin From Net: NetName=Power-uC Pin=U10-1
Removed Pin From Net: NetName=Pwr-uC-Gnd Pin=U10-8
Removed Pin From Net: NetName=Power-uC Pin=U10-9
Removed Pin From Net: NetName=Pwr-uC-Gnd Pin=U10-23
Removed Pin From Net: NetName=Power-uC Pin=U10-24
Removed Pin From Net: NetName=Pwr-uC-Gnd Pin=U10-35
Removed Pin From Net: NetName=Power-uC Pin=U10-36
Removed Pin From Net: NetName=Pwr-uC-Gnd Pin=U10-47
Removed Pin From Net: NetName=Power-uC Pin=U10-48
Added Pin To Net: NetName=NetC8_2 Pin=C8-2
Added Pin To Net: NetName=NetC8_2 Pin=C9-2
Added Pin To Net: NetName=NetC8_2 Pin=C10-2
Added Pin To Net: NetName=NetC8_2 Pin=U10-1
Added Pin To Net: NetName=NetC8_2 Pin=U10-9
Added Pin To Net: NetName=NetC8_2 Pin=U10-24
Added Pin To Net: NetName=NetC8_2 Pin=U10-36
Added Pin To Net: NetName=NetC8_2 Pin=U10-48
Added Net: Name=NetC8_2
Added Pin To Net: NetName=NetU10_8 Pin=U10-8
Added Pin To Net: NetName=NetU10_8 Pin=U10-23
Added Pin To Net: NetName=NetU10_8 Pin=U10-35
Added Pin To Net: NetName=NetU10_8 Pin=U10-47
Added Net: Name=NetU10_8
