Added Component: Designator=C6(CapX2-10mm)
Add component (AddParameter): Name = "Availability"; Value = "Unavailable"; VariantName = "[No Variations]"
Add component (AddParameter): Name = "MF"; Value = ""; VariantName = "[No Variations]"
Add component (AddParameter): Name = "MP"; Value = "ECQE6153KF"; VariantName = "[No Variations]"
Add component (AddParameter): Name = "Package"; Value = "None"; VariantName = "[No Variations]"
Add component (AddParameter): Name = "Price"; Value = "None"; VariantName = "[No Variations]"
Add component (AddParameter): Name = "Value"; Value = ""; VariantName = "[No Variations]"
Added Component: Designator=C14(CapX2-10mm)
Add component (AddParameter): Name = "Availability"; Value = "Unavailable"; VariantName = "[No Variations]"
Add component (AddParameter): Name = "MF"; Value = ""; VariantName = "[No Variations]"
Add component (AddParameter): Name = "MP"; Value = "ECQE6153KF"; VariantName = "[No Variations]"
Add component (AddParameter): Name = "Package"; Value = "None"; VariantName = "[No Variations]"
Add component (AddParameter): Name = "Price"; Value = "None"; VariantName = "[No Variations]"
Add component (AddParameter): Name = "Value"; Value = ""; VariantName = "[No Variations]"
Add Component: Footprint Not Found CAPPRD500W60D1050H1350
Add Component: Footprint Not Found CAPPRD500W60D1050H1350
Added Component: Designator=C18(CapX2-10mm)
Add component (AddParameter): Name = "Availability"; Value = "Unavailable"; VariantName = "[No Variations]"
Add component (AddParameter): Name = "MF"; Value = ""; VariantName = "[No Variations]"
Add component (AddParameter): Name = "MP"; Value = "ECQE6153KF"; VariantName = "[No Variations]"
Add component (AddParameter): Name = "Package"; Value = "None"; VariantName = "[No Variations]"
Add component (AddParameter): Name = "Price"; Value = "None"; VariantName = "[No Variations]"
Add component (AddParameter): Name = "Value"; Value = ""; VariantName = "[No Variations]"
Add Component: Footprint Not Found Cap_47uf 16V
Add Component: Footprint Not Found Cap_47uf 16V
Add Component: Footprint Not Found Cap_47uf 16V
Add Component: Footprint Not Found Cap_47uf 16V
Added Component: Designator=C31(CapX2-10mm)
Add component (AddParameter): Name = "Availability"; Value = "Unavailable"; VariantName = "[No Variations]"
Add component (AddParameter): Name = "MF"; Value = ""; VariantName = "[No Variations]"
Add component (AddParameter): Name = "MP"; Value = "ECQE6153KF"; VariantName = "[No Variations]"
Add component (AddParameter): Name = "Package"; Value = "None"; VariantName = "[No Variations]"
Add component (AddParameter): Name = "Price"; Value = "None"; VariantName = "[No Variations]"
Add component (AddParameter): Name = "Value"; Value = ""; VariantName = "[No Variations]"
Add Component: Footprint Not Found DIOMELF3514N
Add Component: Footprint Not Found DIOMELF3514N
Add Component: Footprint Not Found DIOMELF3514N
Add Component: Footprint Not Found LED_0805
Add Component: Footprint Not Found LED_0805
Add Component: Footprint Not Found QFP50P900X900X160-48N
Add Component: Footprint Not Found Indutor_Ax
Add Component: Footprint Not Found Indutor_Ax
Add Component: Footprint Not Found 4-Pin SOT
Added Pin To Net: NetName=NetB1_1 Pin=C6-1
Added Pin To Net: NetName=NetC6_2 Pin=C6-2
Added Pin To Net: NetName=NetB2_1 Pin=C14-1
Added Pin To Net: NetName=NetC14_2 Pin=C14-2
Add Pin To Net: Unknown Pin: Pin C16-1
Add Pin To Net: Unknown Pin: Pin C16-2
Add Pin To Net: Unknown Pin: Pin C17-1
Add Pin To Net: Unknown Pin: Pin C17-2
Added Pin To Net: NetName=NetB3_1 Pin=C18-1
Added Pin To Net: NetName=NetC18_2 Pin=C18-2
Add Pin To Net: Unknown Pin: Pin C19-Negativo
Add Pin To Net: Unknown Pin: Pin C19-Positivo
Add Pin To Net: Unknown Pin: Pin C22-Negativo
Add Pin To Net: Unknown Pin: Pin C22-Positivo
Add Pin To Net: Unknown Pin: Pin C29-Negativo
Add Pin To Net: Unknown Pin: Pin C29-Positivo
Add Pin To Net: Unknown Pin: Pin C30-Negativo
Add Pin To Net: Unknown Pin: Pin C30-Positivo
Added Pin To Net: NetName=NetB1_2 Pin=C31-1
Added Pin To Net: NetName=NetC31_2 Pin=C31-2
Add Pin To Net: Unknown Pin: Pin D2-A
Add Pin To Net: Unknown Pin: Pin D2-C
Add Pin To Net: Unknown Pin: Pin D4-1
Add Pin To Net: Unknown Pin: Pin D4-3
Add Pin To Net: Unknown Pin: Pin D7-A
Add Pin To Net: Unknown Pin: Pin D7-C
Add Pin To Net: Unknown Pin: Pin D8-A
Add Pin To Net: Unknown Pin: Pin D8-C
Add Pin To Net: Unknown Pin: Pin DS1-A
Add Pin To Net: Unknown Pin: Pin DS1-K
Add Pin To Net: Unknown Pin: Pin DS2-A
Add Pin To Net: Unknown Pin: Pin DS2-K
Add Pin To Net: Unknown Pin: Pin IC1-5
Add Pin To Net: Unknown Pin: Pin IC1-6
Add Pin To Net: Unknown Pin: Pin IC1-7
Add Pin To Net: Unknown Pin: Pin IC1-8
Add Pin To Net: Unknown Pin: Pin IC1-9
Add Pin To Net: Unknown Pin: Pin IC1-10
Add Pin To Net: Unknown Pin: Pin IC1-11
Add Pin To Net: Unknown Pin: Pin IC1-12
Add Pin To Net: Unknown Pin: Pin IC1-13
Add Pin To Net: Unknown Pin: Pin IC1-14
Add Pin To Net: Unknown Pin: Pin IC1-15
Add Pin To Net: Unknown Pin: Pin IC1-16
Add Pin To Net: Unknown Pin: Pin IC1-17
Add Pin To Net: Unknown Pin: Pin IC1-18
Add Pin To Net: Unknown Pin: Pin IC1-19
Add Pin To Net: Unknown Pin: Pin IC1-20
Add Pin To Net: Unknown Pin: Pin IC1-21
Add Pin To Net: Unknown Pin: Pin IC1-23
Add Pin To Net: Unknown Pin: Pin IC1-24
Add Pin To Net: Unknown Pin: Pin IC1-25
Add Pin To Net: Unknown Pin: Pin IC1-26
Add Pin To Net: Unknown Pin: Pin IC1-27
Add Pin To Net: Unknown Pin: Pin IC1-28
Add Pin To Net: Unknown Pin: Pin IC1-30
Add Pin To Net: Unknown Pin: Pin IC1-31
Add Pin To Net: Unknown Pin: Pin IC1-34
Add Pin To Net: Unknown Pin: Pin IC1-35
Add Pin To Net: Unknown Pin: Pin IC1-36
Add Pin To Net: Unknown Pin: Pin IC1-37
Add Pin To Net: Unknown Pin: Pin IC1-38
Add Pin To Net: Unknown Pin: Pin IC1-39
Add Pin To Net: Unknown Pin: Pin IC1-40
Add Pin To Net: Unknown Pin: Pin IC1-44
Add Pin To Net: Unknown Pin: Pin IC1-47
Add Pin To Net: Unknown Pin: Pin IC1-48
Add Pin To Net: Unknown Pin: Pin L2-1
Add Pin To Net: Unknown Pin: Pin L2-2
Add Pin To Net: Unknown Pin: Pin L3-1
Add Pin To Net: Unknown Pin: Pin L3-2
Add Pin To Net: Unknown Pin: Pin U5-0
Add Pin To Net: Unknown Pin: Pin U5-1
Add Pin To Net: Unknown Pin: Pin U5-2
Added Member To Class: ClassName=Piscina-V.02 Member=Component C6 Capacitor
Added Member To Class: ClassName=Piscina-V.02 Member=Component C14 Capacitor
Add Class Member: Failed to add class member : Component C16 MAL213656221E3
Add Class Member: Failed to add class member : Component C17 MAL213656221E3
Added Member To Class: ClassName=Piscina-V.02 Member=Component C18 Capacitor
Add Class Member: Failed to add class member : Component C19 Capacitor Eletrolitico
Add Class Member: Failed to add class member : Component C22 Capacitor Eletrolitico
Add Class Member: Failed to add class member : Component C29 Capacitor Eletrolitico
Add Class Member: Failed to add class member : Component C30 Capacitor Eletrolitico
Added Member To Class: ClassName=Piscina-V.02 Member=Component C31 Capacitor
Add Class Member: Failed to add class member : Component D2 Zenner
Add Class Member: Failed to add class member : Component D7 Zenner
Add Class Member: Failed to add class member : Component D8 Zenner
Add Class Member: Failed to add class member : Component DS1 RED LED
Add Class Member: Failed to add class member : Component DS2 RED LED
Add Class Member: Failed to add class member : Component IC1 STM32F103C6T6
Add Class Member: Failed to add class member : Component L2 Inductor
Add Class Member: Failed to add class member : Component L3 Inductor
Add Class Member: Failed to add class member : Component U5 lm1117
