Removed Pin From Net: NetName=NetCN1_3 Pin=CN1-3
Removed Pin From Net: NetName=NetCN1_3 Pin=R4-2
Added Component: Designator=B1(Triac-D²PAK)
Add component (AddParameter): Name = "Arrow Part Number"; Value = "T1050-8G"; VariantName = "[No Variations]"
Add component (AddParameter): Name = "Arrow Price/Stock"; Value = "https://www.arrow.com/en/products/t1050-8g/stmicroelectronics"; VariantName = "[No Variations]"
Add component (AddParameter): Name = "Datasheet Link"; Value = "https://www.st.com/resource/en/datasheet/btb10.pdf"; VariantName = "[No Variations]"
Add component (AddParameter): Name = "Geometry.Height"; Value = "4.83mm"; VariantName = "[No Variations]"
Add component (AddParameter): Name = "Manufacturer_Name"; Value = "STMicroelectronics"; VariantName = "[No Variations]"
Add component (AddParameter): Name = "Manufacturer_Part_Number"; Value = "T1050-8G"; VariantName = "[No Variations]"
Added Component: Designator=B2(Triac-D²PAK)
Add component (AddParameter): Name = "Arrow Part Number"; Value = "T1050-8G"; VariantName = "[No Variations]"
Add component (AddParameter): Name = "Arrow Price/Stock"; Value = "https://www.arrow.com/en/products/t1050-8g/stmicroelectronics"; VariantName = "[No Variations]"
Add component (AddParameter): Name = "Datasheet Link"; Value = "https://www.st.com/resource/en/datasheet/btb10.pdf"; VariantName = "[No Variations]"
Add component (AddParameter): Name = "Geometry.Height"; Value = "4.83mm"; VariantName = "[No Variations]"
Add component (AddParameter): Name = "Manufacturer_Name"; Value = "STMicroelectronics"; VariantName = "[No Variations]"
Add component (AddParameter): Name = "Manufacturer_Part_Number"; Value = "T1050-8G"; VariantName = "[No Variations]"
Added Component: Designator=B3(Triac-D²PAK)
Add component (AddParameter): Name = "Arrow Part Number"; Value = "T1050-8G"; VariantName = "[No Variations]"
Add component (AddParameter): Name = "Arrow Price/Stock"; Value = "https://www.arrow.com/en/products/t1050-8g/stmicroelectronics"; VariantName = "[No Variations]"
Add component (AddParameter): Name = "Datasheet Link"; Value = "https://www.st.com/resource/en/datasheet/btb10.pdf"; VariantName = "[No Variations]"
Add component (AddParameter): Name = "Geometry.Height"; Value = "4.83mm"; VariantName = "[No Variations]"
Add component (AddParameter): Name = "Manufacturer_Name"; Value = "STMicroelectronics"; VariantName = "[No Variations]"
Add component (AddParameter): Name = "Manufacturer_Part_Number"; Value = "T1050-8G"; VariantName = "[No Variations]"
Added Component: Designator=B4(Triac-D²PAK)
Add component (AddParameter): Name = "Arrow Part Number"; Value = "T1050-8G"; VariantName = "[No Variations]"
Add component (AddParameter): Name = "Arrow Price/Stock"; Value = "https://www.arrow.com/en/products/t1050-8g/stmicroelectronics"; VariantName = "[No Variations]"
Add component (AddParameter): Name = "Datasheet Link"; Value = "https://www.st.com/resource/en/datasheet/btb10.pdf"; VariantName = "[No Variations]"
Add component (AddParameter): Name = "Geometry.Height"; Value = "4.83mm"; VariantName = "[No Variations]"
Add component (AddParameter): Name = "Manufacturer_Name"; Value = "STMicroelectronics"; VariantName = "[No Variations]"
Add component (AddParameter): Name = "Manufacturer_Part_Number"; Value = "T1050-8G"; VariantName = "[No Variations]"
Add Component: Footprint Not Found *WST-1205S_WST-1205S(Primary)
Add Component: Footprint Not Found Cap-10mm
Add Component: Footprint Not Found Cap-10mm
Add Component: Footprint Not Found CAPPRD500W60D1050H1350
Add Component: Footprint Not Found CAPPRD500W60D1050H1350
Add Component: Footprint Not Found Cap-10mm
Add Component: Footprint Not Found Cap_47uf 16V
Add Component: Footprint Not Found Cap_47uf 16V
Add Component: Footprint Not Found Cap_47uf 16V
Add Component: Footprint Not Found Cap_47uf 16V
Add Component: Footprint Not Found Cap-10mm
Add Component: Footprint Not Found DIOMELF3514N
Add Component: Footprint Not Found DIOMELF3514N
Add Component: Footprint Not Found DIOMELF3514N
Add Component: Footprint Not Found LED_0805
Add Component: Footprint Not Found LED_0805
Add Component: Footprint Not Found QFP50P900X900X160-48N
Add Component: Footprint Not Found Indutor_Ax
Add Component: Footprint Not Found Indutor_Ax
Add Component: Footprint Not Found 4-Pin SOT
Added Pin To Net: NetName=NetB1_1 Pin=B1-1
Added Pin To Net: NetName=NetB1_2 Pin=B1-2
Added Pin To Net: NetName=NetB1_3 Pin=B1-3
Added Pin To Net: NetName=NetB2_1 Pin=B2-1
Added Pin To Net: NetName=NetB2_2 Pin=B2-2
Added Pin To Net: NetName=NetB2_3 Pin=B2-3
Added Pin To Net: NetName=NetB3_1 Pin=B3-1
Added Pin To Net: NetName=NetB2_1 Pin=B3-2
Added Pin To Net: NetName=NetB3_3 Pin=B3-3
Added Pin To Net: NetName=NetB1_2 Pin=B4-1
Added Pin To Net: NetName=NetB4_2 Pin=B4-2
Added Pin To Net: NetName=NetB4_3 Pin=B4-3
Add Pin To Net: Unknown Pin: Pin BZ1-NEG
Add Pin To Net: Unknown Pin: Pin BZ1-POS
Add Pin To Net: Unknown Pin: Pin C6-1
Add Pin To Net: Unknown Pin: Pin C6-2
Add Pin To Net: Unknown Pin: Pin C14-1
Add Pin To Net: Unknown Pin: Pin C14-2
Add Pin To Net: Unknown Pin: Pin C16-1
Add Pin To Net: Unknown Pin: Pin C16-2
Add Pin To Net: Unknown Pin: Pin C17-1
Add Pin To Net: Unknown Pin: Pin C17-2
Add Pin To Net: Unknown Pin: Pin C18-1
Add Pin To Net: Unknown Pin: Pin C18-2
Add Pin To Net: Unknown Pin: Pin C19-Negativo
Add Pin To Net: Unknown Pin: Pin C19-Positivo
Add Pin To Net: Unknown Pin: Pin C22-Negativo
Add Pin To Net: Unknown Pin: Pin C22-Positivo
Add Pin To Net: Unknown Pin: Pin C29-Negativo
Add Pin To Net: Unknown Pin: Pin C29-Positivo
Add Pin To Net: Unknown Pin: Pin C30-Negativo
Add Pin To Net: Unknown Pin: Pin C30-Positivo
Add Pin To Net: Unknown Pin: Pin C31-1
Add Pin To Net: Unknown Pin: Pin C31-2
Add Pin To Net: Unknown Pin: Pin D2-A
Add Pin To Net: Unknown Pin: Pin D2-C
Add Pin To Net: Unknown Pin: Pin D4-1
Add Pin To Net: Unknown Pin: Pin D4-3
Add Pin To Net: Unknown Pin: Pin D7-A
Add Pin To Net: Unknown Pin: Pin D7-C
Add Pin To Net: Unknown Pin: Pin D8-A
Add Pin To Net: Unknown Pin: Pin D8-C
Add Pin To Net: Unknown Pin: Pin DS1-A
Add Pin To Net: Unknown Pin: Pin DS1-K
Add Pin To Net: Unknown Pin: Pin DS2-A
Add Pin To Net: Unknown Pin: Pin DS2-K
Add Pin To Net: Unknown Pin: Pin IC1-5
Add Pin To Net: Unknown Pin: Pin IC1-6
Add Pin To Net: Unknown Pin: Pin IC1-7
Add Pin To Net: Unknown Pin: Pin IC1-8
Add Pin To Net: Unknown Pin: Pin IC1-9
Add Pin To Net: Unknown Pin: Pin IC1-10
Add Pin To Net: Unknown Pin: Pin IC1-11
Add Pin To Net: Unknown Pin: Pin IC1-12
Add Pin To Net: Unknown Pin: Pin IC1-13
Add Pin To Net: Unknown Pin: Pin IC1-14
Add Pin To Net: Unknown Pin: Pin IC1-15
Add Pin To Net: Unknown Pin: Pin IC1-16
Add Pin To Net: Unknown Pin: Pin IC1-17
Add Pin To Net: Unknown Pin: Pin IC1-18
Add Pin To Net: Unknown Pin: Pin IC1-19
Add Pin To Net: Unknown Pin: Pin IC1-20
Add Pin To Net: Unknown Pin: Pin IC1-21
Add Pin To Net: Unknown Pin: Pin IC1-23
Add Pin To Net: Unknown Pin: Pin IC1-24
Add Pin To Net: Unknown Pin: Pin IC1-25
Add Pin To Net: Unknown Pin: Pin IC1-26
Add Pin To Net: Unknown Pin: Pin IC1-27
Add Pin To Net: Unknown Pin: Pin IC1-28
Add Pin To Net: Unknown Pin: Pin IC1-30
Add Pin To Net: Unknown Pin: Pin IC1-31
Add Pin To Net: Unknown Pin: Pin IC1-34
Add Pin To Net: Unknown Pin: Pin IC1-35
Add Pin To Net: Unknown Pin: Pin IC1-36
Add Pin To Net: Unknown Pin: Pin IC1-37
Add Pin To Net: Unknown Pin: Pin IC1-38
Add Pin To Net: Unknown Pin: Pin IC1-39
Add Pin To Net: Unknown Pin: Pin IC1-44
Add Pin To Net: Unknown Pin: Pin IC1-47
Add Pin To Net: Unknown Pin: Pin IC1-48
Add Pin To Net: Unknown Pin: Pin L2-1
Add Pin To Net: Unknown Pin: Pin L2-2
Add Pin To Net: Unknown Pin: Pin L3-1
Add Pin To Net: Unknown Pin: Pin L3-2
Add Pin To Net: Unknown Pin: Pin U5-0
Add Pin To Net: Unknown Pin: Pin U5-1
Add Pin To Net: Unknown Pin: Pin U5-2
Change Net Name : Old Net Name=NetCN1_3 New Net Name=NetIC1_7
Added Pin To Net: NetName=NetCN1_3 Pin=CN1-3
Added Pin To Net: NetName=NetCN1_3 Pin=R4-2
Added Net: Name=NetCN1_3
Added Member To Class: ClassName=Piscina-V.02 Member=Component B1 T1050-8G
Added Member To Class: ClassName=Piscina-V.02 Member=Component B2 T1050-8G
Added Member To Class: ClassName=Piscina-V.02 Member=Component B3 T1050-8G
Added Member To Class: ClassName=Piscina-V.02 Member=Component B4 T1050-8G
Add Class Member: Failed to add class member : Component BZ1 Buzzer
Add Class Member: Failed to add class member : Component C6 Capacitor
Add Class Member: Failed to add class member : Component C14 Capacitor
Add Class Member: Failed to add class member : Component C16 MAL213656221E3
Add Class Member: Failed to add class member : Component C17 MAL213656221E3
Add Class Member: Failed to add class member : Component C18 Capacitor
Add Class Member: Failed to add class member : Component C19 Capacitor Eletrolitico
Add Class Member: Failed to add class member : Component C22 Capacitor Eletrolitico
Add Class Member: Failed to add class member : Component C29 Capacitor Eletrolitico
Add Class Member: Failed to add class member : Component C30 Capacitor Eletrolitico
Add Class Member: Failed to add class member : Component C31 Capacitor
Add Class Member: Failed to add class member : Component D2 Zenner
Add Class Member: Failed to add class member : Component D7 Zenner
Add Class Member: Failed to add class member : Component D8 Zenner
Add Class Member: Failed to add class member : Component DS1 RED LED
Add Class Member: Failed to add class member : Component DS2 RED LED
Add Class Member: Failed to add class member : Component IC1 STM32F103C6T6
Add Class Member: Failed to add class member : Component L2 Inductor
Add Class Member: Failed to add class member : Component L3 Inductor
Add Class Member: Failed to add class member : Component U5 lm1117
