Removed Pin From Net: NetName=NetB4_1 Pin=R52-1
Change Component Footprint: Designator=R30 Old Footprint=RESC3216X71N New Footprint=RESC2012X65N
Change Component Footprint: Designator=R51 Old Footprint=Resistor 1-4W New Footprint=RESC2012X65N
Change Component Footprint: Designator=R61 Old Footprint=Resistor 1-4W New Footprint=RESC2012X65N
Change Component Footprint: Designator=R48 Old Footprint=Resistor 1-4W New Footprint=RESC3216X71N
Change Component Footprint: Designator=R49 Old Footprint=Resistor 1-4W New Footprint=RESC3216X71N
Change Component Footprint: Designator=R50 Old Footprint=Resistor 1-4W New Footprint=RESC3216X71N
Change Component Footprint: Designator=R52 Old Footprint=Resistor 1-4W New Footprint=RESC3216X71N
Change Component Footprint: Designator=R53 Old Footprint=Resistor 1-4W New Footprint=RESC3216X71N
Change Component Footprint: Designator=R56 Old Footprint=Resistor 1-4W New Footprint=RESC3216X71N
Change Component Footprint: Designator=R57 Old Footprint=Resistor 1-4W New Footprint=RESC3216X71N
Change Component Footprint: Designator=R62 Old Footprint=Resistor 1-4W New Footprint=RESC3216X71N
Added Component: Designator=R?(RESC3216X71N)
Add component (AddParameter): Name = "LatestRevisionDate"; Value = "17-Jul-2002"; VariantName = "[No Variations]"
Add component (AddParameter): Name = "LatestRevisionNote"; Value = "Re-released for DXP Platform."; VariantName = "[No Variations]"
Add component (AddParameter): Name = "PackageDescription"; Value = "Axial Device, Thru-Hole; 2 Leads; 0.4 in Pin Spacing"; VariantName = "[No Variations]"
Add component (AddParameter): Name = "PackageReference"; Value = "AXIAL-0.4"; VariantName = "[No Variations]"
Add component (AddParameter): Name = "Published"; Value = "8-Jun-2000"; VariantName = "[No Variations]"
Add component (AddParameter): Name = "Publisher"; Value = "Altium Limited"; VariantName = "[No Variations]"
Add component (AddParameter): Name = "Value"; Value = "1K"; VariantName = "[No Variations]"
Added Component: Designator=R?(RESC3216X71N)
Add component (AddParameter): Name = "LatestRevisionDate"; Value = "17-Jul-2002"; VariantName = "[No Variations]"
Add component (AddParameter): Name = "LatestRevisionNote"; Value = "Re-released for DXP Platform."; VariantName = "[No Variations]"
Add component (AddParameter): Name = "PackageDescription"; Value = "Axial Device, Thru-Hole; 2 Leads; 0.4 in Pin Spacing"; VariantName = "[No Variations]"
Add component (AddParameter): Name = "PackageReference"; Value = "AXIAL-0.4"; VariantName = "[No Variations]"
Add component (AddParameter): Name = "Published"; Value = "8-Jun-2000"; VariantName = "[No Variations]"
Add component (AddParameter): Name = "Publisher"; Value = "Altium Limited"; VariantName = "[No Variations]"
Add component (AddParameter): Name = "Value"; Value = "1K"; VariantName = "[No Variations]"
Added Pin To Net: NetName=NetB4_1 Pin=R?-1
Added Pin To Net: NetName=NetR52_1 Pin=R52-1
Added Pin To Net: NetName=NetR52_1 Pin=R?-2
Added Net: Name=NetR52_1
Added Pin To Net: NetName=NetR62_2 Pin=R62-2
Added Pin To Net: NetName=NetR62_2 Pin=R?-1
Added Net: Name=NetR62_2
Added Member To Class: ClassName=Piscina-V.02 Member=Component R? Res2
Added Member To Class: ClassName=Piscina-V.02 Member=Component R? Res2
