Add Component: Footprint Not Found Triac-D²PAK
Add Component: Footprint Not Found Triac-D²PAK
Add Component: Footprint Not Found Triac-D²PAK
Add Component: Footprint Not Found Triac-D²PAK
Add Component: Footprint Not Found *WST-1205S_WST-1205S(Primary)
Add Component: Footprint Not Found C-0805
Add Component: Footprint Not Found C-0805
Add Component: Footprint Not Found Cap0805
Add Component: Footprint Not Found Cap0805
Add Component: Footprint Not Found C-0805
Add Component: Footprint Not Found Cap-10mm
Add Component: Footprint Not Found C-0805
Add Component: Footprint Not Found C-0805
Add Component: Footprint Not Found C-0805
Add Component: Footprint Not Found Cap0805
Add Component: Footprint Not Found Cap0805
Add Component: Footprint Not Found Cap0805
Add Component: Footprint Not Found Cap0805
Add Component: Footprint Not Found Cap-10mm
Add Component: Footprint Not Found C-0805
Add Component: Footprint Not Found CAPPRD500W60D1050H1350
Add Component: Footprint Not Found CAPPRD500W60D1050H1350
Add Component: Footprint Not Found Cap-10mm
Add Component: Footprint Not Found Cap_47uf 16V
Add Component: Footprint Not Found CAP_0805
Add Component: Footprint Not Found C-0805
Add Component: Footprint Not Found Cap_47uf 16V
Add Component: Footprint Not Found C-0805
Add Component: Footprint Not Found Cap0805
Add Component: Footprint Not Found C-0805
Add Component: Footprint Not Found C-0805
Add Component: Footprint Not Found C-0805
Add Component: Footprint Not Found C-0805
Add Component: Footprint Not Found Cap_47uf 16V
Add Component: Footprint Not Found Cap_47uf 16V
Add Component: Footprint Not Found Cap-10mm
Add Component: Footprint Not Found CN-JTAG
Add Component: Footprint Not Found DO-7
Add Component: Footprint Not Found DIOMELF3514N
Add Component: Footprint Not Found DO-7
Add Component: Footprint Not Found MBR360
Add Component: Footprint Not Found DO-201AD
Add Component: Footprint Not Found DO-7
Add Component: Footprint Not Found DIOMELF3514N
Add Component: Footprint Not Found DIOMELF3514N
Add Component: Footprint Not Found DO-7
Add Component: Footprint Not Found LED_0805
Add Component: Footprint Not Found LED_0805
Add Component: Footprint Not Found PIN-W2/E2.8
Add Component: Footprint Not Found PIN-W2/E2.8
Add Component: Footprint Not Found PIN-W2/E2.8
Add Component: Footprint Not Found PIN-W2/E2.8
Add Component: Footprint Not Found PIN-W2/E2.8
Add Component: Footprint Not Found QFP50P900X900X160-48N
Add Component: Footprint Not Found DIP-6
Add Component: Footprint Not Found DIP-6
Add Component: Footprint Not Found DIP-6
Add Component: Footprint Not Found DIP-6
Add Component: Footprint Not Found SOT95P237X112-3N
Add Component: Footprint Not Found Borne-3V
Add Component: Footprint Not Found Borne-3V
Add Component: Footprint Not Found Borne-3V
Add Component: Footprint Not Found Borne-3V
Add Component: Footprint Not Found Indutor SMD
Add Component: Footprint Not Found Indutor_Ax
Add Component: Footprint Not Found Indutor_Ax
Add Component: Footprint Not Found Borne-2V
Add Component: Footprint Not Found Borne-2V
Add Component: Footprint Not Found CN_UART
Add Component: Footprint Not Found Borne-2V
Add Component: Footprint Not Found Borne-2V
Add Component: Footprint Not Found Borne-2V
Add Component: Footprint Not Found Borne-2V
Add Component: Footprint Not Found Borne-2V
Add Component: Footprint Not Found RESC2012X65N
Add Component: Footprint Not Found RESC2012X65N
Add Component: Footprint Not Found RESC2012X65N
Add Component: Footprint Not Found RESC2012X65N
Add Component: Footprint Not Found RESC2012X65N
Add Component: Footprint Not Found RESC2012X65N
Add Component: Footprint Not Found RESC2012X65N
Add Component: Footprint Not Found RESC2012X65N
Add Component: Footprint Not Found RESC2012X65N
Add Component: Footprint Not Found RESC2012X65N
Add Component: Footprint Not Found RESC2012X65N
Add Component: Footprint Not Found RESC2012X65N
Add Component: Footprint Not Found RESC2012X65N
Add Component: Footprint Not Found RESC2012X65N
Add Component: Footprint Not Found RESC2012X65N
Add Component: Footprint Not Found RESC2012X65N
Add Component: Footprint Not Found RESC2012X65N
Add Component: Footprint Not Found RESC2012X65N
Add Component: Footprint Not Found AXIAL-0.4
Add Component: Footprint Not Found AXIAL-0.4
Add Component: Footprint Not Found RESC2012X65N
Add Component: Footprint Not Found RESC2012X65N
Add Component: Footprint Not Found AXIAL-0.4
Add Component: Footprint Not Found AXIAL-0.4
Add Component: Footprint Not Found AXIAL-0.4
Add Component: Footprint Not Found AXIAL-0.4
Add Component: Footprint Not Found RESC2012X65N
Add Component: Footprint Not Found RESC2012X65N
Add Component: Footprint Not Found RESC2012X65N
Add Component: Footprint Not Found AXIAL-0.4
Add Component: Footprint Not Found AXIAL-0.4
Add Component: Footprint Not Found RESC2012X65N
Add Component: Footprint Not Found AXIAL-0.4
Add Component: Footprint Not Found AXIAL-0.4
Add Component: Footprint Not Found RESC2012X65N
Add Component: Footprint Not Found RESC2012X65N
Add Component: Footprint Not Found AXIAL-0.4
Add Component: Footprint Not Found RESC2012X65N
Add Component: Footprint Not Found RESC2012X65N
Add Component: Footprint Not Found RESC2012X65N
Add Component: Footprint Not Found RESC2012X65N
Add Component: Footprint Not Found AXIAL-0.4
Add Component: Footprint Not Found AXIAL-0.4
Add Component: Footprint Not Found RESC2012X65N
Add Component: Footprint Not Found RESC2012X65N
Add Component: Footprint Not Found AXIAL-0.4
Add Component: Footprint Not Found RESC2012X65N
Add Component: Footprint Not Found AXIAL-0.4
Add Component: Footprint Not Found AXIAL-0.4
Add Component: Footprint Not Found AXIAL-0.4
Add Component: Footprint Not Found AXIAL-0.4
Add Component: Footprint Not Found AXIAL-0.4
Add Component: Footprint Not Found AXIAL-0.4
Add Component: Footprint Not Found RESC2012X65N
Add Component: Footprint Not Found RESC2012X65N
Add Component: Footprint Not Found AXIAL-0.4
Add Component: Footprint Not Found AXIAL-0.4
Add Component: Footprint Not Found AXIAL-0.4
Add Component: Footprint Not Found AXIAL-0.4
Add Component: Footprint Not Found RESC2012X65N
Add Component: Footprint Not Found AXIAL-0.4
Add Component: Footprint Not Found AXIAL-0.4
Add Component: Footprint Not Found RESC2012X65N
Add Component: Footprint Not Found AXIAL-0.4
Add Component: Footprint Not Found 434121025816
Add Component: Footprint Not Found 434121025816
Add Component: Footprint Not Found *SOIC127P600X175-16N
Add Component: Footprint Not Found DIP-4
Add Component: Footprint Not Found DIP-4
Add Component: Footprint Not Found DIP-4
Add Component: Footprint Not Found 4-Pin SOT
Add Component: Footprint Not Found DIP-4
Add Component: Footprint Not Found DIP-4
Add Component: Footprint Not Found TO170P1524X483-6N
Add Component: Footprint Not Found XTAL_ABLS-12.000MHz-20-B-3-H-T
Added Net: Name=GND
Added Net: Name=NetB1_1
Added Net: Name=NetB1_2
Added Net: Name=NetB1_3
Added Net: Name=NetB2_1
Added Net: Name=NetB2_2
Added Net: Name=NetB2_3
Added Net: Name=NetB3_1
Added Net: Name=NetB3_2
Added Net: Name=NetB3_3
Added Net: Name=NetB4_1
Added Net: Name=NetB4_2
Added Net: Name=NetB4_3
Added Net: Name=NetBZ1_NEG
Added Net: Name=NetC5_1
Added Net: Name=NetC6_2
Added Net: Name=NetC7_2
Added Net: Name=NetC14_2
Added Net: Name=NetC15_1
Added Net: Name=NetC18_2
Added Net: Name=NetC31_2
Added Net: Name=NetCN1_3
Added Net: Name=NetCN1_5
Added Net: Name=NetCN1_7
Added Net: Name=NetCN1_9
Added Net: Name=NetCN1_11
Added Net: Name=NetCN1_13
Added Net: Name=NetCN1_15
Added Net: Name=NetCN1_19
Added Net: Name=NetD1_1
Added Net: Name=NetD1_2
Added Net: Name=NetD2_A
Added Net: Name=NetD2_C
Added Net: Name=NetD4_Catodo
Added Net: Name=NetD6_1
Added Net: Name=NetD6_2
Added Net: Name=NetD8_A
Added Net: Name=NetD8_C
Added Net: Name=NetDS1_A
Added Net: Name=NetDS2_A
Added Net: Name=NetF1_1
Added Net: Name=NetF2_1
Added Net: Name=NetF3_1
Added Net: Name=NetF4_1
Added Net: Name=NetF5_1
Added Net: Name=NetIC1_7
Added Net: Name=NetIC1_10
Added Net: Name=NetIC1_11
Added Net: Name=NetIC1_12
Added Net: Name=NetIC1_13
Added Net: Name=NetIC1_14
Added Net: Name=NetIC1_15
Added Net: Name=NetIC1_16
Added Net: Name=NetIC1_17
Added Net: Name=NetIC1_18
Added Net: Name=NetIC1_19
Added Net: Name=NetIC1_21
Added Net: Name=NetIC1_25
Added Net: Name=NetIC1_26
Added Net: Name=NetIC1_27
Added Net: Name=NetIC1_28
Added Net: Name=NetIC1_30
Added Net: Name=NetIC1_31
Added Net: Name=NetIC1_44
Added Net: Name=NetIC2_1
Added Net: Name=NetIC2_2
Added Net: Name=NetIC2_6
Added Net: Name=NetIC3_1
Added Net: Name=NetIC3_2
Added Net: Name=NetIC3_6
Added Net: Name=NetIC4_1
Added Net: Name=NetIC4_6
Added Net: Name=NetIC5_1
Added Net: Name=NetIC5_6
Added Net: Name=NetP1_1
Added Net: Name=NetP1_2
Added Net: Name=NetP2_2
Added Net: Name=NetP4_1
Added Net: Name=NetP5_2
Added Net: Name=NetP6_2
Added Net: Name=NetP7_2
Added Net: Name=NetR2_2
Added Net: Name=NetR11_2
Added Net: Name=NetR24_1
Added Net: Name=NetR25_2
Added Net: Name=NetR48_1
Added Net: Name=NetR49_2
Added Net: Name=NetR51_2
Added Net: Name=NetR53_2
Added Net: Name=Power3v3
Added Net: Name=Power5v0
Added Net: Name=Power-uC
Added Net: Name=Pwr-uC-Gnd
Added Net: Name=TensaoEntrada
Added Class: Name=Piscina-V.02
Added Rule: Name=Schematic Supply Nets
Added Rule: Name=Schematic Supply Nets_1
Added Rule: Name=Schematic Supply Nets_2
Added Rule: Name=Schematic Supply Nets_3
Added Rule: Name=Schematic Supply Nets_4
Added Rule: Name=Schematic Supply Nets_5
