Removed Pin From Net: NetName=TensaoEntrada Pin=D5-2
Removed Pin From Net: NetName=TensaoEntrada Pin=F3-2
Removed Member From Class: ClassName=Piscina-V.02 Member=R65
Add Component: Footprint Not Found Triac-D²PAK
Add Component: Footprint Not Found Triac-D²PAK
Add Component: Footprint Not Found Triac-D²PAK
Add Component: Footprint Not Found Triac-D²PAK
Add Component: Footprint Not Found *WST-1205S_WST-1205S(Primary)
Add Component: Footprint Not Found Cap-10mm
Add Component: Footprint Not Found Cap-10mm
Add Component: Footprint Not Found CAPPRD500W60D1050H1350
Add Component: Footprint Not Found CAPPRD500W60D1050H1350
Add Component: Footprint Not Found Cap-10mm
Add Component: Footprint Not Found Cap_47uf 16V
Add Component: Footprint Not Found Cap_47uf 16V
Add Component: Footprint Not Found Cap_47uf 16V
Add Component: Footprint Not Found Cap_47uf 16V
Add Component: Footprint Not Found Cap-10mm
Add Component: Footprint Not Found CN-JTAG
Add Component: Footprint Not Found DIOMELF3514N
Added Component: Designator=D4(MBR360)
Add component (AddParameter): Name = "ComponentLink1Description"; Value = "Manufacturer Link"; VariantName = "[No Variations]"
Add component (AddParameter): Name = "ComponentLink1URL"; Value = "http://www.irf.com/"; VariantName = "[No Variations]"
Add component (AddParameter): Name = "ComponentLink2Description"; Value = "Datasheet"; VariantName = "[No Variations]"
Add component (AddParameter): Name = "ComponentLink2URL"; Value = "http://www.irf.com/product-info/datasheets/data/10tq.pdf"; VariantName = "[No Variations]"
Add component (AddParameter): Name = "DatasheetVersion"; Value = "PD-2.057B"; VariantName = "[No Variations]"
Add component (AddParameter): Name = "LatestRevisionDate"; Value = "17-Jul-2002"; VariantName = "[No Variations]"
Add component (AddParameter): Name = "LatestRevisionNote"; Value = "Re-released for DXP Platform."; VariantName = "[No Variations]"
Add component (AddParameter): Name = "Note"; Value = "Terminal 2 is the TAB and is electrically connected to the cathode"; VariantName = "[No Variations]"
Add component (AddParameter): Name = "PackageDescription"; Value = "TO, Thru-Hole, Vertical, Heatsink Mounted; 3 In-Line Leads (1 Absent); Pitch 2.54 mm"; VariantName = "[No Variations]"
Add component (AddParameter): Name = "PackageReference"; Value = "TO-220AC"; VariantName = "[No Variations]"
Add component (AddParameter): Name = "PackageVersion"; Value = "Feb-1998"; VariantName = "[No Variations]"
Add component (AddParameter): Name = "Published"; Value = "8-Jun-2000"; VariantName = "[No Variations]"
Add component (AddParameter): Name = "Publisher"; Value = "Altium Limited"; VariantName = "[No Variations]"
Add Component: Footprint Not Found DIOMELF3514N
Add Component: Footprint Not Found DIOMELF3514N
Add Component: Footprint Not Found LED_0805
Add Component: Footprint Not Found LED_0805
Add Component: Footprint Not Found QFP50P900X900X160-48N
Add Component: Footprint Not Found SOT95P237X112-3N
Add Component: Footprint Not Found Borne-3V
Add Component: Footprint Not Found Borne-3V
Add Component: Footprint Not Found Borne-3V
Add Component: Footprint Not Found Indutor SMD
Add Component: Footprint Not Found Indutor_Ax
Add Component: Footprint Not Found Indutor_Ax
Add Component: Footprint Not Found Borne-2V
Add Component: Footprint Not Found Borne-2V
Add Component: Footprint Not Found CN_UART
Add Component: Footprint Not Found Borne-2V
Add Component: Footprint Not Found Borne-2V
Add Component: Footprint Not Found Borne-2V
Add Component: Footprint Not Found Borne-2V
Add Component: Footprint Not Found Borne-2V
Add Component: Footprint Not Found 434121025816
Add Component: Footprint Not Found 434121025816
Add Component: Footprint Not Found *SOIC127P600X175-16N
Add Component: Footprint Not Found 4-Pin SOT
Added Component: Designator=U8(TO263-5)
Add component (AddParameter): Name = "Availability"; Value = "Good"; VariantName = "[No Variations]"
Add component (AddParameter): Name = "MF"; Value = "Texas Instruments"; VariantName = "[No Variations]"
Add component (AddParameter): Name = "MP"; Value = "LM2576SX-ADJ/NOPB"; VariantName = "[No Variations]"
Add component (AddParameter): Name = "Package"; Value = "TO-263-5 Texas Instruments"; VariantName = "[No Variations]"
Add component (AddParameter): Name = "Price"; Value = "1.87 USD"; VariantName = "[No Variations]"
Add component (AddParameter): Name = "Value"; Value = ""; VariantName = "[No Variations]"
Add Component: Footprint Not Found XTAL_ABLS-12.000MHz-20-B-3-H-T
Add Pin To Net: Unknown Pin: Pin B1-1
Add Pin To Net: Unknown Pin: Pin B1-2
Add Pin To Net: Unknown Pin: Pin B1-3
Add Pin To Net: Unknown Pin: Pin B2-1
Add Pin To Net: Unknown Pin: Pin B2-2
Add Pin To Net: Unknown Pin: Pin B2-3
Add Pin To Net: Unknown Pin: Pin B3-1
Add Pin To Net: Unknown Pin: Pin B3-2
Add Pin To Net: Unknown Pin: Pin B3-3
Add Pin To Net: Unknown Pin: Pin B4-1
Add Pin To Net: Unknown Pin: Pin B4-2
Add Pin To Net: Unknown Pin: Pin B4-3
Add Pin To Net: Unknown Pin: Pin BZ1-NEG
Add Pin To Net: Unknown Pin: Pin BZ1-POS
Add Pin To Net: Unknown Pin: Pin C6-1
Add Pin To Net: Unknown Pin: Pin C6-2
Add Pin To Net: Unknown Pin: Pin C14-1
Add Pin To Net: Unknown Pin: Pin C14-2
Add Pin To Net: Unknown Pin: Pin C16-1
Add Pin To Net: Unknown Pin: Pin C17-1
Add Pin To Net: Unknown Pin: Pin C17-2
Add Pin To Net: Unknown Pin: Pin C18-1
Add Pin To Net: Unknown Pin: Pin C18-2
Add Pin To Net: Unknown Pin: Pin C19-Negativo
Add Pin To Net: Unknown Pin: Pin C19-Positivo
Add Pin To Net: Unknown Pin: Pin C22-Negativo
Add Pin To Net: Unknown Pin: Pin C22-Positivo
Add Pin To Net: Unknown Pin: Pin C29-Negativo
Add Pin To Net: Unknown Pin: Pin C29-Positivo
Add Pin To Net: Unknown Pin: Pin C30-Negativo
Add Pin To Net: Unknown Pin: Pin C30-Positivo
Add Pin To Net: Unknown Pin: Pin C31-1
Add Pin To Net: Unknown Pin: Pin C31-2
Add Pin To Net: Unknown Pin: Pin CN1-1
Add Pin To Net: Unknown Pin: Pin CN1-2
Add Pin To Net: Unknown Pin: Pin CN1-3
Add Pin To Net: Unknown Pin: Pin CN1-4
Add Pin To Net: Unknown Pin: Pin CN1-5
Add Pin To Net: Unknown Pin: Pin CN1-6
Add Pin To Net: Unknown Pin: Pin CN1-7
Add Pin To Net: Unknown Pin: Pin CN1-8
Add Pin To Net: Unknown Pin: Pin CN1-9
Add Pin To Net: Unknown Pin: Pin CN1-10
Add Pin To Net: Unknown Pin: Pin CN1-11
Add Pin To Net: Unknown Pin: Pin CN1-12
Add Pin To Net: Unknown Pin: Pin CN1-13
Add Pin To Net: Unknown Pin: Pin CN1-14
Add Pin To Net: Unknown Pin: Pin CN1-15
Add Pin To Net: Unknown Pin: Pin CN1-16
Add Pin To Net: Unknown Pin: Pin CN1-18
Add Pin To Net: Unknown Pin: Pin CN1-19
Add Pin To Net: Unknown Pin: Pin CN1-20
Add Pin To Net: Unknown Pin: Pin D2-A
Add Pin To Net: Unknown Pin: Pin D2-C
Add Pin To Net: Unknown Pin: Pin D4-3
Add Pin To Net: Unknown Pin: Pin D7-C
Add Pin To Net: Unknown Pin: Pin D8-A
Add Pin To Net: Unknown Pin: Pin D8-C
Add Pin To Net: Unknown Pin: Pin DS1-A
Add Pin To Net: Unknown Pin: Pin DS1-K
Add Pin To Net: Unknown Pin: Pin DS2-A
Add Pin To Net: Unknown Pin: Pin DS2-K
Add Pin To Net: Unknown Pin: Pin IC1-5
Add Pin To Net: Unknown Pin: Pin IC1-6
Add Pin To Net: Unknown Pin: Pin IC1-7
Add Pin To Net: Unknown Pin: Pin IC1-8
Add Pin To Net: Unknown Pin: Pin IC1-9
Add Pin To Net: Unknown Pin: Pin IC1-10
Add Pin To Net: Unknown Pin: Pin IC1-11
Add Pin To Net: Unknown Pin: Pin IC1-12
Add Pin To Net: Unknown Pin: Pin IC1-13
Add Pin To Net: Unknown Pin: Pin IC1-14
Add Pin To Net: Unknown Pin: Pin IC1-15
Add Pin To Net: Unknown Pin: Pin IC1-16
Add Pin To Net: Unknown Pin: Pin IC1-17
Add Pin To Net: Unknown Pin: Pin IC1-18
Add Pin To Net: Unknown Pin: Pin IC1-19
Add Pin To Net: Unknown Pin: Pin IC1-20
Add Pin To Net: Unknown Pin: Pin IC1-21
Add Pin To Net: Unknown Pin: Pin IC1-23
Add Pin To Net: Unknown Pin: Pin IC1-24
Add Pin To Net: Unknown Pin: Pin IC1-25
Add Pin To Net: Unknown Pin: Pin IC1-26
Add Pin To Net: Unknown Pin: Pin IC1-27
Add Pin To Net: Unknown Pin: Pin IC1-28
Add Pin To Net: Unknown Pin: Pin IC1-30
Add Pin To Net: Unknown Pin: Pin IC1-31
Add Pin To Net: Unknown Pin: Pin IC1-34
Add Pin To Net: Unknown Pin: Pin IC1-35
Add Pin To Net: Unknown Pin: Pin IC1-36
Add Pin To Net: Unknown Pin: Pin IC1-37
Add Pin To Net: Unknown Pin: Pin IC1-38
Add Pin To Net: Unknown Pin: Pin IC1-39
Add Pin To Net: Unknown Pin: Pin IC1-40
Add Pin To Net: Unknown Pin: Pin IC1-44
Add Pin To Net: Unknown Pin: Pin IC1-47
Add Pin To Net: Unknown Pin: Pin IC1-48
Add Pin To Net: Unknown Pin: Pin J1-1
Add Pin To Net: Unknown Pin: Pin J1-2
Add Pin To Net: Unknown Pin: Pin J1-3
Add Pin To Net: Unknown Pin: Pin J3-1
Add Pin To Net: Unknown Pin: Pin J3-3
Add Pin To Net: Unknown Pin: Pin J4-1
Add Pin To Net: Unknown Pin: Pin J4-3
Add Pin To Net: Unknown Pin: Pin J5-1
Add Pin To Net: Unknown Pin: Pin J5-3
Add Pin To Net: Unknown Pin: Pin L1-2
Add Pin To Net: Unknown Pin: Pin L2-1
Add Pin To Net: Unknown Pin: Pin L2-2
Add Pin To Net: Unknown Pin: Pin L3-1
Add Pin To Net: Unknown Pin: Pin L3-2
Add Pin To Net: Unknown Pin: Pin P1-1
Add Pin To Net: Unknown Pin: Pin P1-2
Add Pin To Net: Unknown Pin: Pin P2-1
Add Pin To Net: Unknown Pin: Pin P2-2
Add Pin To Net: Unknown Pin: Pin P3-1
Add Pin To Net: Unknown Pin: Pin P3-2
Add Pin To Net: Unknown Pin: Pin P3-3
Add Pin To Net: Unknown Pin: Pin P4-1
Add Pin To Net: Unknown Pin: Pin P4-2
Add Pin To Net: Unknown Pin: Pin P5-1
Add Pin To Net: Unknown Pin: Pin P5-2
Add Pin To Net: Unknown Pin: Pin P6-1
Add Pin To Net: Unknown Pin: Pin P6-2
Add Pin To Net: Unknown Pin: Pin P7-1
Add Pin To Net: Unknown Pin: Pin P7-2
Add Pin To Net: Unknown Pin: Pin P8-1
Add Pin To Net: Unknown Pin: Pin P8-2
Add Pin To Net: Unknown Pin: Pin SW1-1
Add Pin To Net: Unknown Pin: Pin SW1-2
Add Pin To Net: Unknown Pin: Pin SW2-1
Add Pin To Net: Unknown Pin: Pin SW2-2
Add Pin To Net: Unknown Pin: Pin U1-1
Add Pin To Net: Unknown Pin: Pin U1-2
Add Pin To Net: Unknown Pin: Pin U1-3
Add Pin To Net: Unknown Pin: Pin U1-4
Add Pin To Net: Unknown Pin: Pin U1-5
Add Pin To Net: Unknown Pin: Pin U1-6
Add Pin To Net: Unknown Pin: Pin U1-7
Add Pin To Net: Unknown Pin: Pin U1-8
Add Pin To Net: Unknown Pin: Pin U1-9
Add Pin To Net: Unknown Pin: Pin U1-10
Add Pin To Net: Unknown Pin: Pin U1-11
Add Pin To Net: Unknown Pin: Pin U1-12
Add Pin To Net: Unknown Pin: Pin U1-13
Add Pin To Net: Unknown Pin: Pin U1-14
Add Pin To Net: Unknown Pin: Pin U1-15
Add Pin To Net: Unknown Pin: Pin U1-16
Add Pin To Net: Unknown Pin: Pin U5-0
Add Pin To Net: Unknown Pin: Pin U5-1
Add Pin To Net: Unknown Pin: Pin U5-2
Added Pin To Net: NetName=TensaoEntrada Pin=U8-1
Added Pin To Net: NetName=NetC15_1 Pin=U8-4
Added Pin To Net: NetName=GND Pin=U8-5
Added Pin To Net: NetName=GND Pin=U8-6
Add Pin To Net: Unknown Pin: Pin Y1-1
Add Pin To Net: Unknown Pin: Pin Y1-2
Added Pin To Net: NetName=NetC16_2 Pin=D5-2
Added Pin To Net: NetName=NetC16_2 Pin=F3-2
Added Net: Name=NetC16_2
Added Pin To Net: NetName=NetD4_1 Pin=U8-2
Added Net: Name=NetD4_1
Add Class Member: Failed to add class member : Component B1 T1050-8G
Add Class Member: Failed to add class member : Component B2 T1050-8G
Add Class Member: Failed to add class member : Component B3 T1050-8G
Add Class Member: Failed to add class member : Component B4 T1050-8G
Add Class Member: Failed to add class member : Component BZ1 Buzzer
Add Class Member: Failed to add class member : Component C6 Capacitor
Add Class Member: Failed to add class member : Component C14 Capacitor
Add Class Member: Failed to add class member : Component C16 MAL213656221E3
Add Class Member: Failed to add class member : Component C17 MAL213656221E3
Add Class Member: Failed to add class member : Component C18 Capacitor
Add Class Member: Failed to add class member : Component C19 Capacitor Eletrolitico
Add Class Member: Failed to add class member : Component C22 Capacitor Eletrolitico
Add Class Member: Failed to add class member : Component C29 Capacitor Eletrolitico
Add Class Member: Failed to add class member : Component C30 Capacitor Eletrolitico
Add Class Member: Failed to add class member : Component C31 Capacitor
Add Class Member: Failed to add class member : Component CN1 JtagStm32
Add Class Member: Failed to add class member : Component D2 Zenner
Added Member To Class: ClassName=Piscina-V.02 Member=Component D4 Diode 10TQ035
Add Class Member: Failed to add class member : Component D7 Zenner
Add Class Member: Failed to add class member : Component D8 Zenner
Add Class Member: Failed to add class member : Component DS1 RED LED
Add Class Member: Failed to add class member : Component DS2 RED LED
Add Class Member: Failed to add class member : Component IC1 STM32F103C6T6
Add Class Member: Failed to add class member : Component J1 MCP100T-450I/TT
Add Class Member: Failed to add class member : Component J3 TB002-500-03OR
Add Class Member: Failed to add class member : Component J4 TB002-500-03OR
Add Class Member: Failed to add class member : Component J5 TB002-500-03OR
Add Class Member: Failed to add class member : Component L1 33uH, 13.5A
Add Class Member: Failed to add class member : Component L2 Inductor
Add Class Member: Failed to add class member : Component L3 Inductor
Add Class Member: Failed to add class member : Component P1 Conector KRE
Add Class Member: Failed to add class member : Component P2 Led1 Externo
Add Class Member: Failed to add class member : Component P3 Header 3
Add Class Member: Failed to add class member : Component P4 Conector KRE
Add Class Member: Failed to add class member : Component P5 Led2 Externo
Add Class Member: Failed to add class member : Component P6 Led3 Externo
Add Class Member: Failed to add class member : Component P7 Ordem de emergência
Add Class Member: Failed to add class member : Component P8 Conector KRE
Add Class Member: Failed to add class member : Component SW1 434121025816
Add Class Member: Failed to add class member : Component SW2 434121025816
Add Class Member: Failed to add class member : Component U1 ULN2003ADR
Add Class Member: Failed to add class member : Component U5 lm1117
Added Member To Class: ClassName=Piscina-V.02 Member=Component U8 LM2576HVS-5.0/NOPB
Add Class Member: Failed to add class member : Component Y1 ABLS-12.000MHz-20-B-3-H-T
